This is pdfTeX, Version 3.14159265-2.6-1.40.20 (TeX Live 2019/Debian) (preloaded format=pdflatex 2020.4.9)  21 JUL 2020 00:14
entering extended mode
 restricted \write18 enabled.
 %&-line parsing enabled.
**firstone.tex
(./firstone.tex
LaTeX2e <2018-12-01>
(/usr/share/texlive/texmf-dist/tex/latex/base/article.cls
Document Class: article 2018/09/03 v1.4i Standard LaTeX document class
(/usr/share/texlive/texmf-dist/tex/latex/base/size10.clo
File: size10.clo 2018/09/03 v1.4i Standard LaTeX file (size option)
)
\c@part=\count80
\c@section=\count81
\c@subsection=\count82
\c@subsubsection=\count83
\c@paragraph=\count84
\c@subparagraph=\count85
\c@figure=\count86
\c@table=\count87
\abovecaptionskip=\skip41
\belowcaptionskip=\skip42
\bibindent=\dimen102
)
(/usr/share/texlive/texmf-dist/tex/latex/base/fontenc.sty
Package: fontenc 2018/08/11 v2.0j Standard LaTeX package

(/usr/share/texlive/texmf-dist/tex/latex/base/t1enc.def
File: t1enc.def 2018/08/11 v2.0j Standard LaTeX file
LaTeX Font Info:    Redeclaring font encoding T1 on input line 48.
))
(/usr/share/texlive/texmf-dist/tex/latex/base/inputenc.sty
Package: inputenc 2018/08/11 v1.3c Input encoding file
\inpenc@prehook=\toks14
\inpenc@posthook=\toks15

(/usr/share/texlive/texmf-dist/tex/latex/base/latin9.def
File: latin9.def 2018/08/11 v1.3c Input encoding file
))
(/usr/share/texlive/texmf-dist/tex/latex/graphics/color.sty
Package: color 2016/07/10 v1.1e Standard LaTeX Color (DPC)

(/usr/share/texlive/texmf-dist/tex/latex/graphics-cfg/color.cfg
File: color.cfg 2016/01/02 v1.6 sample color configuration
)
Package color Info: Driver file: pdftex.def on input line 147.

(/usr/share/texlive/texmf-dist/tex/latex/graphics-def/pdftex.def
File: pdftex.def 2018/01/08 v1.0l Graphics/color driver for pdftex
))
(/usr/share/texlive/texmf-dist/tex/latex/float/float.sty
Package: float 2001/11/08 v1.3d Float enhancements (AL)
\c@float@type=\count88
\float@exts=\toks16
\float@box=\box27
\@float@everytoks=\toks17
\@floatcapt=\box28
)
(/usr/share/texlive/texmf-dist/tex/latex/url/url.sty
\Urlmuskip=\muskip10
Package: url 2013/09/16  ver 3.4  Verb mode for urls, etc.
)
(/usr/share/texlive/texmf-dist/tex/latex/amsmath/amsmath.sty
Package: amsmath 2018/12/01 v2.17b AMS math features
\@mathmargin=\skip43

For additional information on amsmath, use the `?' option.
(/usr/share/texlive/texmf-dist/tex/latex/amsmath/amstext.sty
Package: amstext 2000/06/29 v2.01 AMS text

(/usr/share/texlive/texmf-dist/tex/latex/amsmath/amsgen.sty
File: amsgen.sty 1999/11/30 v2.0 generic functions
\@emptytoks=\toks18
\ex@=\dimen103
))
(/usr/share/texlive/texmf-dist/tex/latex/amsmath/amsbsy.sty
Package: amsbsy 1999/11/29 v1.2d Bold Symbols
\pmbraise@=\dimen104
)
(/usr/share/texlive/texmf-dist/tex/latex/amsmath/amsopn.sty
Package: amsopn 2016/03/08 v2.02 operator names
)
\inf@bad=\count89
LaTeX Info: Redefining \frac on input line 223.
\uproot@=\count90
\leftroot@=\count91
LaTeX Info: Redefining \overline on input line 385.
\classnum@=\count92
\DOTSCASE@=\count93
LaTeX Info: Redefining \ldots on input line 482.
LaTeX Info: Redefining \dots on input line 485.
LaTeX Info: Redefining \cdots on input line 606.
\Mathstrutbox@=\box29
\strutbox@=\box30
\big@size=\dimen105
LaTeX Font Info:    Redeclaring font encoding OML on input line 729.
LaTeX Font Info:    Redeclaring font encoding OMS on input line 730.
\macc@depth=\count94
\c@MaxMatrixCols=\count95
\dotsspace@=\muskip11
\c@parentequation=\count96
\dspbrk@lvl=\count97
\tag@help=\toks19
\row@=\count98
\column@=\count99
\maxfields@=\count100
\andhelp@=\toks20
\eqnshift@=\dimen106
\alignsep@=\dimen107
\tagshift@=\dimen108
\tagwidth@=\dimen109
\totwidth@=\dimen110
\lineht@=\dimen111
\@envbody=\toks21
\multlinegap=\skip44
\multlinetaggap=\skip45
\mathdisplay@stack=\toks22
LaTeX Info: Redefining \[ on input line 2844.
LaTeX Info: Redefining \] on input line 2845.
)
(/usr/share/texlive/texmf-dist/tex/latex/graphics/graphicx.sty
Package: graphicx 2017/06/01 v1.1a Enhanced LaTeX Graphics (DPC,SPQR)

(/usr/share/texlive/texmf-dist/tex/latex/graphics/keyval.sty
Package: keyval 2014/10/28 v1.15 key=value parser (DPC)
\KV@toks@=\toks23
)
(/usr/share/texlive/texmf-dist/tex/latex/graphics/graphics.sty
Package: graphics 2017/06/25 v1.2c Standard LaTeX Graphics (DPC,SPQR)

(/usr/share/texlive/texmf-dist/tex/latex/graphics/trig.sty
Package: trig 2016/01/03 v1.10 sin cos tan (DPC)
)
(/usr/share/texlive/texmf-dist/tex/latex/graphics-cfg/graphics.cfg
File: graphics.cfg 2016/06/04 v1.11 sample graphics configuration
)
Package graphics Info: Driver file: pdftex.def on input line 99.
)
\Gin@req@height=\dimen112
\Gin@req@width=\dimen113
)
(/usr/share/texlive/texmf-dist/tex/latex/esint/esint.sty
Package: esint 
\symlargesymbolsA=\mathgroup4
)
\@float@every@algorithm=\toks24
\c@algorithm=\count101

(/usr/share/texlive/texmf-dist/tex/generic/babel/babel.sty
Package: babel 2019/06/03 3.32 The Babel package

(/usr/share/texlive/texmf-dist/tex/generic/babel/switch.def
File: switch.def 2019/06/03 3.32 Babel switching mechanism
)
(/usr/share/texlive/texmf-dist/tex/generic/babel-english/english.ldf
Language: english 2017/06/06 v3.3r English support from the babel system

(/usr/share/texlive/texmf-dist/tex/generic/babel/babel.def
File: babel.def 2019/06/03 3.32 Babel common definitions
\babel@savecnt=\count102
\U@D=\dimen114

(/usr/share/texlive/texmf-dist/tex/generic/babel/txtbabel.def)
\bbl@dirlevel=\count103
)
\l@british = a dialect from \language\l@english 
\l@UKenglish = a dialect from \language\l@english 
\l@canadian = a dialect from \language\l@american 
\l@australian = a dialect from \language\l@british 
\l@newzealand = a dialect from \language\l@british 
))
No file firstone.aux.
\openout1 = `firstone.aux'.

LaTeX Font Info:    Checking defaults for OML/cmm/m/it on input line 32.
LaTeX Font Info:    ... okay on input line 32.
LaTeX Font Info:    Checking defaults for T1/cmr/m/n on input line 32.
LaTeX Font Info:    ... okay on input line 32.
LaTeX Font Info:    Checking defaults for OT1/cmr/m/n on input line 32.
LaTeX Font Info:    ... okay on input line 32.
LaTeX Font Info:    Checking defaults for OMS/cmsy/m/n on input line 32.
LaTeX Font Info:    ... okay on input line 32.
LaTeX Font Info:    Checking defaults for OMX/cmex/m/n on input line 32.
LaTeX Font Info:    ... okay on input line 32.
LaTeX Font Info:    Checking defaults for U/cmr/m/n on input line 32.
LaTeX Font Info:    ... okay on input line 32.
(/usr/share/texlive/texmf-dist/tex/context/base/mkii/supp-pdf.mkii
[Loading MPS to PDF converter (version 2006.09.02).]
\scratchcounter=\count104
\scratchdimen=\dimen115
\scratchbox=\box31
\nofMPsegments=\count105
\nofMParguments=\count106
\everyMPshowfont=\toks25
\MPscratchCnt=\count107
\MPscratchDim=\dimen116
\MPnumerator=\count108
\makeMPintoPDFobject=\count109
\everyMPtoPDFconversion=\toks26
) (/usr/share/texlive/texmf-dist/tex/latex/oberdiek/epstopdf-base.sty
Package: epstopdf-base 2016/05/15 v2.6 Base part for package epstopdf

(/usr/share/texlive/texmf-dist/tex/generic/oberdiek/infwarerr.sty
Package: infwarerr 2016/05/16 v1.4 Providing info/warning/error messages (HO)
)
(/usr/share/texlive/texmf-dist/tex/latex/oberdiek/grfext.sty
Package: grfext 2016/05/16 v1.2 Manage graphics extensions (HO)

(/usr/share/texlive/texmf-dist/tex/generic/oberdiek/kvdefinekeys.sty
Package: kvdefinekeys 2016/05/16 v1.4 Define keys (HO)

(/usr/share/texlive/texmf-dist/tex/generic/oberdiek/ltxcmds.sty
Package: ltxcmds 2016/05/16 v1.23 LaTeX kernel commands for general use (HO)
)))
(/usr/share/texlive/texmf-dist/tex/latex/oberdiek/kvoptions.sty
Package: kvoptions 2016/05/16 v3.12 Key value format for package options (HO)

(/usr/share/texlive/texmf-dist/tex/generic/oberdiek/kvsetkeys.sty
Package: kvsetkeys 2016/05/16 v1.17 Key value parser (HO)

(/usr/share/texlive/texmf-dist/tex/generic/oberdiek/etexcmds.sty
Package: etexcmds 2016/05/16 v1.6 Avoid name clashes with e-TeX commands (HO)

(/usr/share/texlive/texmf-dist/tex/generic/oberdiek/ifluatex.sty
Package: ifluatex 2016/05/16 v1.4 Provides the ifluatex switch (HO)
Package ifluatex Info: LuaTeX not detected.
))))
(/usr/share/texlive/texmf-dist/tex/generic/oberdiek/pdftexcmds.sty
Package: pdftexcmds 2018/09/10 v0.29 Utility functions of pdfTeX for LuaTeX (HO
)

(/usr/share/texlive/texmf-dist/tex/generic/oberdiek/ifpdf.sty
Package: ifpdf 2018/09/07 v3.3 Provides the ifpdf switch
)
Package pdftexcmds Info: LuaTeX not detected.
Package pdftexcmds Info: \pdf@primitive is available.
Package pdftexcmds Info: \pdf@ifprimitive is available.
Package pdftexcmds Info: \pdfdraftmode found.
)
Package epstopdf-base Info: Redefining graphics rule for `.eps' on input line 4
38.
Package grfext Info: Graphics extension search list:
(grfext)             [.pdf,.png,.jpg,.mps,.jpeg,.jbig2,.jb2,.PDF,.PNG,.JPG,.JPE
G,.JBIG2,.JB2,.eps]
(grfext)             \AppendGraphicsExtensions on input line 456.

(/usr/share/texlive/texmf-dist/tex/latex/latexconfig/epstopdf-sys.cfg
File: epstopdf-sys.cfg 2010/07/13 v1.3 Configuration of (r)epstopdf for TeX Liv
e
))
LaTeX Font Info:    Try loading font information for U+esint on input line 35.

(/usr/share/texlive/texmf-dist/tex/latex/esint/uesint.fd
File: uesint.fd 
)

LaTeX Warning: No \author given.


Underfull \vbox (badness 10000) has occurred while \output is active []



LaTeX Warning: Reference `eq:3.1.2' on page 1 undefined on input line 114.

[1{/var/lib/texmf/fonts/map/pdftex/updmap/pdftex.map}


]

LaTeX Warning: Reference `eq:3.1.2' on page 2 undefined on input line 117.


LaTeX Warning: Reference `eq:3.1.3' on page 2 undefined on input line 131.


LaTeX Warning: Reference `eq:3.1.4' on page 2 undefined on input line 131.


LaTeX Warning: Reference `eq:3.1.5' on page 2 undefined on input line 144.


Underfull \hbox (badness 1067) in paragraph at lines 153--155
[]\T1/cmr/m/n/10 where, $\OML/cmm/m/it/10 ^^Z\OT1/cmr/m/n/10 (\OML/cmm/m/it/10 
a; b\OT1/cmr/m/n/10 ) = \OML/cmm/m/it/10 e[]x[]^^M\OT1/cmr/m/n/10 (\OML/cmm/m/i
t/10 a; b\OT1/cmr/m/n/10 )$ \T1/cmr/m/n/10 with $\OML/cmm/m/it/10 ^^M\OT1/cmr/m
/n/10 (\OML/cmm/m/it/10 a; b\OT1/cmr/m/n/10 ) =
 []


Underfull \vbox (badness 10000) has occurred while \output is active []

 [2]
Underfull \hbox (badness 5939) in paragraph at lines 233--235
[]$\OML/cmm/m/it/10 E[] \OMS/cmsy/m/n/10 ! []$ \T1/cmr/m/n/10 where $\OML/cmm/m
/it/10 p \OT1/cmr/m/n/10 =
 []


Underfull \hbox (badness 5939) in paragraph at lines 267--269
[]$\OML/cmm/m/it/10 E[] \OMS/cmsy/m/n/10 ! []$ \T1/cmr/m/n/10 where $\OML/cmm/m
/it/10 p \OT1/cmr/m/n/10 =
 []


Underfull \vbox (badness 10000) has occurred while \output is active []



LaTeX Warning: Reference `eq:3.1.7' on page 3 undefined on input line 281.


LaTeX Warning: Reference `eq:3.1.5' on page 3 undefined on input line 294.


LaTeX Warning: Reference `eq:3.1.6' on page 3 undefined on input line 295.

[3]

LaTeX Warning: Reference `eq:' on page 4 undefined on input line 336.

LaTeX Font Info:    Try loading font information for T1+cmtt on input line 383.

(/usr/share/texlive/texmf-dist/tex/latex/base/t1cmtt.fd
File: t1cmtt.fd 2014/09/29 v2.5h Standard LaTeX font definitions
)
Underfull \hbox (badness 10000) in paragraph at lines 383--384
[]$\T1/cmtt/m/n/10 https : / / www . dropbox . com / sh /
 []


Underfull \hbox (badness 10000) in paragraph at lines 383--384
\T1/cmtt/m/n/10 bkju25ktl9jip29 / AABDjSxazoR0TcBQp13Xizema ?
 []


Underfull \hbox (badness 1769) in paragraph at lines 389--390
[]\T1/cmr/m/n/10 compilation in-struc-tion in linux$\OT1/cmr/m/n/10 :\OMS/cmsy/
m/n/10 ^^X$ \T1/cmr/m/n/10 sudo cp lib-
 []


Underfull \hbox (badness 10000) in paragraph at lines 393--395
[]$\OT1/cmr/m/n/10 :\OMS/cmsy/m/n/10 ^^X$\T1/cmr/m/n/10 f95 -o file-name VTNNS_
with_delay.f95 -
 []


Underfull \vbox (badness 1603) has occurred while \output is active []

 [4]
<../star.jpg, id=31, 305.14pt x 249.93375pt>
File: ../star.jpg Graphic file (type jpg)
<use ../star.jpg>
Package pdftex.def Info: ../star.jpg  used on input line 415.
(pdftex.def)             Requested size: 137.31172pt x 112.46915pt.


LaTeX Warning: File `"/home/wickedboy2/Dropbox/internship for NNMCB/A1".png' no
t found on input line 422.


! Package pdftex.def Error: File `"/home/wickedboy2/Dropbox/internship for NNMC
B/A1".png' not found: using draft setting.

See the pdftex.def package documentation for explanation.
Type  H <return>  for immediate help.
 ...                                              
                                                  
l.422 ...pbox/internship for NNMCB/A1\string".png}
                                                  \protect\caption{Raster pl...

Try typing  <return>  to proceed.
If that doesn't work, type  X <return>  to quit.


LaTeX Warning: File `"/home/wickedboy2/Dropbox/internship for NNMCB/A2".png' no
t found on input line 428.


! Package pdftex.def Error: File `"/home/wickedboy2/Dropbox/internship for NNMC
B/A2".png' not found: using draft setting.

See the pdftex.def package documentation for explanation.
Type  H <return>  for immediate help.
 ...                                              
                                                  
l.428 ...pbox/internship for NNMCB/A2\string".png}
                                                  \protect\caption{Raster pl...

Try typing  <return>  to proceed.
If that doesn't work, type  X <return>  to quit.


Underfull \vbox (badness 10000) has occurred while \output is active []



LaTeX Warning: File `"/home/wickedboy2/Dropbox/internship for NNMCB/B1".png' no
t found on input line 432.


! Package pdftex.def Error: File `"/home/wickedboy2/Dropbox/internship for NNMC
B/B1".png' not found: using draft setting.

See the pdftex.def package documentation for explanation.
Type  H <return>  for immediate help.
 ...                                              
                                                  
l.432 ...pbox/internship for NNMCB/B1\string".png}
                                                  \protect\caption{Raster pl...

Try typing  <return>  to proceed.
If that doesn't work, type  X <return>  to quit.


LaTeX Warning: File `"/home/wickedboy2/Dropbox/internship for NNMCB/B2".png' no
t found on input line 441.


! Package pdftex.def Error: File `"/home/wickedboy2/Dropbox/internship for NNMC
B/B2".png' not found: using draft setting.

See the pdftex.def package documentation for explanation.
Type  H <return>  for immediate help.
 ...                                              
                                                  
l.441 ...pbox/internship for NNMCB/B2\string".png}
                                                  \protect\caption{Raster pl...

Try typing  <return>  to proceed.
If that doesn't work, type  X <return>  to quit.

<"../fully connected".jpg, id=32, 360.34625pt x 250.9375pt>
File: "../fully connected".jpg Graphic file (type jpg)
<use "../fully connected".jpg>
Package pdftex.def Info: "../fully connected".jpg  used on input line 461.
(pdftex.def)             Requested size: 162.15431pt x 112.92082pt.
[5 <../star.jpg>]

LaTeX Warning: File `"/home/wickedboy2/Dropbox/internship for NNMCB/simulations
/neural transmission/star topology and variants simulations/fully connected wit
hout timelag".' not found on input line 468.


! LaTeX Error: Unknown graphics extension: ..

See the LaTeX manual or LaTeX Companion for explanation.
Type  H <return>  for immediate help.
 ...                                              
                                                  
l.468 ...fully connected without timelag\string".}
                                                  
Try typing  <return>  to proceed.
If that doesn't work, type  X <return>  to quit.


LaTeX Warning: File `"/home/wickedboy2/Dropbox/internship for NNMCB/simulations
/neural transmission/star topology and variants simulations/fully connected wit
h time lag".' not found on input line 475.


! LaTeX Error: Unknown graphics extension: ..

See the LaTeX manual or LaTeX Companion for explanation.
Type  H <return>  for immediate help.
 ...                                              
                                                  
l.475 ...s/fully connected with time lag\string".}
                                                  \protect\caption{Raster pl...

Try typing  <return>  to proceed.
If that doesn't work, type  X <return>  to quit.

<../2012-01-11-cypress-figure-1.jpg, id=37, 321.2pt x 252.945pt>
File: ../2012-01-11-cypress-figure-1.jpg Graphic file (type jpg)
<use ../2012-01-11-cypress-figure-1.jpg>
Package pdftex.def Info: ../2012-01-11-cypress-figure-1.jpg  used on input line
 490.
(pdftex.def)             Requested size: 144.53867pt x 113.82419pt.

Underfull \vbox (badness 10000) has occurred while \output is active []



LaTeX Warning: File `"/home/wickedboy2/Dropbox/internship for NNMCB/simulations
/neural transmission/ring toplogy and variants simulations/B2".' not found on i
nput line 497.


! LaTeX Error: Unknown graphics extension: ..

See the LaTeX manual or LaTeX Companion for explanation.
Type  H <return>  for immediate help.
 ...                                              
                                                  
l.497 ...ogy and variants simulations/B2\string".}
                                                  
Try typing  <return>  to proceed.
If that doesn't work, type  X <return>  to quit.


LaTeX Warning: File `"/home/wickedboy2/Dropbox/internship for NNMCB/simulations
/neural transmission/ring toplogy and variants simulations/B3".' not found on i
nput line 505.


! LaTeX Error: Unknown graphics extension: ..

See the LaTeX manual or LaTeX Companion for explanation.
Type  H <return>  for immediate help.
 ...                                              
                                                  
l.505 ...ogy and variants simulations/B3\string".}
                                                  \protect\caption{Raster pl...

Try typing  <return>  to proceed.
If that doesn't work, type  X <return>  to quit.

[6 <../fully connected.jpg> <../2012-01-11-cypress-figure-1.jpg>]
Underfull \vbox (badness 10000) has occurred while \output is active []

 [7

]
[8

] [9] [10] [11]
Underfull \hbox (badness 10000) in paragraph at lines 898--900
[]\T1/cmr/m/n/10 neural_network(j,3) = (neu-ral_network(j,2)*neural_network(j,3
) + al-pha*w_dummy +
 []


Overfull \hbox (73.25893pt too wide) in paragraph at lines 933--934
[]\T1/cmr/m/n/10 real(8):: dummy_a,dummy_b,dummy_c,dummy_gamma_1,dummy_gamma_2,
dummer_1,dummer_2,arg_array_2(4) 
 []

[12] [13] (./firstone.aux)

LaTeX Warning: There were undefined references.


LaTeX Warning: Label(s) may have changed. Rerun to get cross-references right.

 ) 
Here is how much of TeX's memory you used:
 3143 strings out of 494477
 41873 string characters out of 6175716
 119895 words of memory out of 5000000
 6739 multiletter control sequences out of 15000+600000
 17389 words of font info for 47 fonts, out of 8000000 for 9000
 59 hyphenation exceptions out of 8191
 41i,10n,25p,401b,254s stack positions out of 5000i,500n,10000p,200000b,80000s
 </home/wickedboy_pc/.texlive2019/texmf-var/fonts/pk/ljfour/jknappen/ec/ecti1
000.600pk> </home/wickedboy_pc/.texlive2019/texmf-var/fonts/pk/ljfour/jknappen/
ec/ectt1000.600pk> </home/wickedboy_pc/.texlive2019/texmf-var/fonts/pk/ljfour/j
knappen/ec/ecbx1200.600pk> </home/wickedboy_pc/.texlive2019/texmf-var/fonts/pk/
ljfour/jknappen/ec/ecbx1000.600pk> </home/wickedboy_pc/.texlive2019/texmf-var/f
onts/pk/ljfour/jknappen/ec/ecrm1000.600pk> </home/wickedboy_pc/.texlive2019/tex
mf-var/fonts/pk/ljfour/jknappen/ec/ecbx1440.600pk> </home/wickedboy_pc/.texlive
2019/texmf-var/fonts/pk/ljfour/jknappen/ec/ecrm1728.600pk></usr/share/texlive/t
exmf-dist/fonts/type1/public/amsfonts/cm/cmmi10.pfb></usr/share/texlive/texmf-d
ist/fonts/type1/public/amsfonts/cm/cmmi5.pfb></usr/share/texlive/texmf-dist/fon
ts/type1/public/amsfonts/cm/cmmi7.pfb></usr/share/texlive/texmf-dist/fonts/type
1/public/amsfonts/cm/cmr10.pfb></usr/share/texlive/texmf-dist/fonts/type1/publi
c/amsfonts/cm/cmr5.pfb></usr/share/texlive/texmf-dist/fonts/type1/public/amsfon
ts/cm/cmr7.pfb></usr/share/texlive/texmf-dist/fonts/type1/public/amsfonts/cm/cm
sy10.pfb></usr/share/texlive/texmf-dist/fonts/type1/public/amsfonts/cm/cmsy5.pf
b></usr/share/texlive/texmf-dist/fonts/type1/public/amsfonts/cm/cmsy7.pfb></usr
/share/texlive/texmf-dist/fonts/type1/public/esint-type1/esint10.pfb>
Output written on firstone.pdf (13 pages, 241557 bytes).
PDF statistics:
 368 PDF objects out of 1000 (max. 8388607)
 89 compressed objects within 1 object stream
 0 named destinations out of 1000 (max. 500000)
 16 words of extra memory for PDF output out of 10000 (max. 10000000)

