This is pdfTeX, Version 3.14159265-2.6-1.40.15 (TeX Live 2015/dev/Debian) (preloaded format=pdflatex 2015.12.8)  28 JAN 2016 15:22
entering extended mode
 restricted \write18 enabled.
 %&-line parsing enabled.
**firstone.tex
(./firstone.tex
LaTeX2e <2014/05/01>
Babel <3.9l> and hyphenation patterns for 4 languages loaded.
(/usr/share/texlive/texmf-dist/tex/latex/base/article.cls
Document Class: article 2014/09/29 v1.4h Standard LaTeX document class
(/usr/share/texlive/texmf-dist/tex/latex/base/size10.clo
File: size10.clo 2014/09/29 v1.4h Standard LaTeX file (size option)
)
\c@part=\count79
\c@section=\count80
\c@subsection=\count81
\c@subsubsection=\count82
\c@paragraph=\count83
\c@subparagraph=\count84
\c@figure=\count85
\c@table=\count86
\abovecaptionskip=\skip41
\belowcaptionskip=\skip42
\bibindent=\dimen102
)
(/usr/share/texlive/texmf-dist/tex/latex/base/fontenc.sty
Package: fontenc 2005/09/27 v1.99g Standard LaTeX package

(/usr/share/texlive/texmf-dist/tex/latex/base/t1enc.def
File: t1enc.def 2005/09/27 v1.99g Standard LaTeX file
LaTeX Font Info:    Redeclaring font encoding T1 on input line 43.
))
(/usr/share/texlive/texmf-dist/tex/latex/base/inputenc.sty
Package: inputenc 2014/04/30 v1.2b Input encoding file
\inpenc@prehook=\toks14
\inpenc@posthook=\toks15

(/usr/share/texlive/texmf-dist/tex/latex/base/latin9.def
File: latin9.def 2014/04/30 v1.2b Input encoding file
))
(/usr/share/texlive/texmf-dist/tex/latex/graphics/color.sty
Package: color 2014/04/23 v1.1a Standard LaTeX Color (DPC)

(/usr/share/texlive/texmf-dist/tex/latex/latexconfig/color.cfg
File: color.cfg 2007/01/18 v1.5 color configuration of teTeX/TeXLive
)
Package color Info: Driver file: pdftex.def on input line 137.

(/usr/share/texlive/texmf-dist/tex/latex/pdftex-def/pdftex.def
File: pdftex.def 2011/05/27 v0.06d Graphics/color for pdfTeX

(/usr/share/texlive/texmf-dist/tex/generic/oberdiek/infwarerr.sty
Package: infwarerr 2010/04/08 v1.3 Providing info/warning/error messages (HO)
)
(/usr/share/texlive/texmf-dist/tex/generic/oberdiek/ltxcmds.sty
Package: ltxcmds 2011/11/09 v1.22 LaTeX kernel commands for general use (HO)
)
\Gread@gobject=\count87
))
(/usr/share/texlive/texmf-dist/tex/latex/float/float.sty
Package: float 2001/11/08 v1.3d Float enhancements (AL)
\c@float@type=\count88
\float@exts=\toks16
\float@box=\box26
\@float@everytoks=\toks17
\@floatcapt=\box27
)
(/usr/share/texlive/texmf-dist/tex/latex/url/url.sty
\Urlmuskip=\muskip10
Package: url 2013/09/16  ver 3.4  Verb mode for urls, etc.
)
(/usr/share/texlive/texmf-dist/tex/latex/amsmath/amsmath.sty
Package: amsmath 2013/01/14 v2.14 AMS math features
\@mathmargin=\skip43

For additional information on amsmath, use the `?' option.
(/usr/share/texlive/texmf-dist/tex/latex/amsmath/amstext.sty
Package: amstext 2000/06/29 v2.01

(/usr/share/texlive/texmf-dist/tex/latex/amsmath/amsgen.sty
File: amsgen.sty 1999/11/30 v2.0
\@emptytoks=\toks18
\ex@=\dimen103
))
(/usr/share/texlive/texmf-dist/tex/latex/amsmath/amsbsy.sty
Package: amsbsy 1999/11/29 v1.2d
\pmbraise@=\dimen104
)
(/usr/share/texlive/texmf-dist/tex/latex/amsmath/amsopn.sty
Package: amsopn 1999/12/14 v2.01 operator names
)
\inf@bad=\count89
LaTeX Info: Redefining \frac on input line 210.
\uproot@=\count90
\leftroot@=\count91
LaTeX Info: Redefining \overline on input line 306.
\classnum@=\count92
\DOTSCASE@=\count93
LaTeX Info: Redefining \ldots on input line 378.
LaTeX Info: Redefining \dots on input line 381.
LaTeX Info: Redefining \cdots on input line 466.
\Mathstrutbox@=\box28
\strutbox@=\box29
\big@size=\dimen105
LaTeX Font Info:    Redeclaring font encoding OML on input line 566.
LaTeX Font Info:    Redeclaring font encoding OMS on input line 567.
\macc@depth=\count94
\c@MaxMatrixCols=\count95
\dotsspace@=\muskip11
\c@parentequation=\count96
\dspbrk@lvl=\count97
\tag@help=\toks19
\row@=\count98
\column@=\count99
\maxfields@=\count100
\andhelp@=\toks20
\eqnshift@=\dimen106
\alignsep@=\dimen107
\tagshift@=\dimen108
\tagwidth@=\dimen109
\totwidth@=\dimen110
\lineht@=\dimen111
\@envbody=\toks21
\multlinegap=\skip44
\multlinetaggap=\skip45
\mathdisplay@stack=\toks22
LaTeX Info: Redefining \[ on input line 2665.
LaTeX Info: Redefining \] on input line 2666.
)
(/usr/share/texlive/texmf-dist/tex/latex/graphics/graphicx.sty
Package: graphicx 2014/04/25 v1.0g Enhanced LaTeX Graphics (DPC,SPQR)

(/usr/share/texlive/texmf-dist/tex/latex/graphics/keyval.sty
Package: keyval 2014/05/08 v1.15 key=value parser (DPC)
\KV@toks@=\toks23
)
(/usr/share/texlive/texmf-dist/tex/latex/graphics/graphics.sty
Package: graphics 2009/02/05 v1.0o Standard LaTeX Graphics (DPC,SPQR)

(/usr/share/texlive/texmf-dist/tex/latex/graphics/trig.sty
Package: trig 1999/03/16 v1.09 sin cos tan (DPC)
)
(/usr/share/texlive/texmf-dist/tex/latex/latexconfig/graphics.cfg
File: graphics.cfg 2010/04/23 v1.9 graphics configuration of TeX Live
)
Package graphics Info: Driver file: pdftex.def on input line 91.
)
\Gin@req@height=\dimen112
\Gin@req@width=\dimen113
)
(/usr/share/texlive/texmf-dist/tex/latex/esint/esint.sty
Package: esint 
\symlargesymbolsA=\mathgroup4
)
\@float@every@algorithm=\toks24
\c@algorithm=\count101

(/usr/share/texlive/texmf-dist/tex/generic/babel/babel.sty
Package: babel 2014/09/25 3.9l The Babel package

(/usr/share/texlive/texmf-dist/tex/generic/babel-english/english.ldf
Language: english 2012/08/20 v3.3p English support from the babel system

(/usr/share/texlive/texmf-dist/tex/generic/babel/babel.def
File: babel.def 2014/09/25 3.9l Babel common definitions
\babel@savecnt=\count102
\U@D=\dimen114
)
\l@canadian = a dialect from \language\l@american 
\l@australian = a dialect from \language\l@british 
\l@newzealand = a dialect from \language\l@british 
)) (./firstone.aux)
\openout1 = `firstone.aux'.

LaTeX Font Info:    Checking defaults for OML/cmm/m/it on input line 32.
LaTeX Font Info:    ... okay on input line 32.
LaTeX Font Info:    Checking defaults for T1/cmr/m/n on input line 32.
LaTeX Font Info:    ... okay on input line 32.
LaTeX Font Info:    Checking defaults for OT1/cmr/m/n on input line 32.
LaTeX Font Info:    ... okay on input line 32.
LaTeX Font Info:    Checking defaults for OMS/cmsy/m/n on input line 32.
LaTeX Font Info:    ... okay on input line 32.
LaTeX Font Info:    Checking defaults for OMX/cmex/m/n on input line 32.
LaTeX Font Info:    ... okay on input line 32.
LaTeX Font Info:    Checking defaults for U/cmr/m/n on input line 32.
LaTeX Font Info:    ... okay on input line 32.

(/usr/share/texlive/texmf-dist/tex/context/base/supp-pdf.mkii
[Loading MPS to PDF converter (version 2006.09.02).]
\scratchcounter=\count103
\scratchdimen=\dimen115
\scratchbox=\box30
\nofMPsegments=\count104
\nofMParguments=\count105
\everyMPshowfont=\toks25
\MPscratchCnt=\count106
\MPscratchDim=\dimen116
\MPnumerator=\count107
\makeMPintoPDFobject=\count108
\everyMPtoPDFconversion=\toks26
) (/usr/share/texlive/texmf-dist/tex/generic/oberdiek/pdftexcmds.sty
Package: pdftexcmds 2011/11/29 v0.20 Utility functions of pdfTeX for LuaTeX (HO
)

(/usr/share/texlive/texmf-dist/tex/generic/oberdiek/ifluatex.sty
Package: ifluatex 2010/03/01 v1.3 Provides the ifluatex switch (HO)
Package ifluatex Info: LuaTeX not detected.
)
(/usr/share/texlive/texmf-dist/tex/generic/oberdiek/ifpdf.sty
Package: ifpdf 2011/01/30 v2.3 Provides the ifpdf switch (HO)
Package ifpdf Info: pdfTeX in PDF mode is detected.
)
Package pdftexcmds Info: LuaTeX not detected.
Package pdftexcmds Info: \pdf@primitive is available.
Package pdftexcmds Info: \pdf@ifprimitive is available.
Package pdftexcmds Info: \pdfdraftmode found.
)
(/usr/share/texlive/texmf-dist/tex/latex/oberdiek/epstopdf-base.sty
Package: epstopdf-base 2010/02/09 v2.5 Base part for package epstopdf

(/usr/share/texlive/texmf-dist/tex/latex/oberdiek/grfext.sty
Package: grfext 2010/08/19 v1.1 Manage graphics extensions (HO)

(/usr/share/texlive/texmf-dist/tex/generic/oberdiek/kvdefinekeys.sty
Package: kvdefinekeys 2011/04/07 v1.3 Define keys (HO)
))
(/usr/share/texlive/texmf-dist/tex/latex/oberdiek/kvoptions.sty
Package: kvoptions 2011/06/30 v3.11 Key value format for package options (HO)

(/usr/share/texlive/texmf-dist/tex/generic/oberdiek/kvsetkeys.sty
Package: kvsetkeys 2012/04/25 v1.16 Key value parser (HO)

(/usr/share/texlive/texmf-dist/tex/generic/oberdiek/etexcmds.sty
Package: etexcmds 2011/02/16 v1.5 Avoid name clashes with e-TeX commands (HO)
Package etexcmds Info: Could not find \expanded.
(etexcmds)             That can mean that you are not using pdfTeX 1.50 or
(etexcmds)             that some package has redefined \expanded.
(etexcmds)             In the latter case, load this package earlier.
)))
Package grfext Info: Graphics extension search list:
(grfext)             [.png,.pdf,.jpg,.mps,.jpeg,.jbig2,.jb2,.PNG,.PDF,.JPG,.JPE
G,.JBIG2,.JB2,.eps]
(grfext)             \AppendGraphicsExtensions on input line 452.

(/usr/share/texlive/texmf-dist/tex/latex/latexconfig/epstopdf-sys.cfg
File: epstopdf-sys.cfg 2010/07/13 v1.3 Configuration of (r)epstopdf for TeX Liv
e
))
LaTeX Font Info:    Try loading font information for U+esint on input line 35.

(/usr/share/texlive/texmf-dist/tex/latex/esint/uesint.fd
File: uesint.fd 
)

LaTeX Warning: No \author given.


Underfull \vbox (badness 10000) has occurred while \output is active []

 [1{/var/lib/texmf/fonts/map/pdftex/updmap/pdftex.map}


]
Underfull \hbox (badness 1067) in paragraph at lines 153--155
[]\T1/cmr/m/n/10 where, $\OML/cmm/m/it/10 ^^Z\OT1/cmr/m/n/10 (\OML/cmm/m/it/10 
a; b\OT1/cmr/m/n/10 ) = \OML/cmm/m/it/10 e[]x[]^^M\OT1/cmr/m/n/10 (\OML/cmm/m/i
t/10 a; b\OT1/cmr/m/n/10 )$ \T1/cmr/m/n/10 with $\OML/cmm/m/it/10 ^^M\OT1/cmr/m
/n/10 (\OML/cmm/m/it/10 a; b\OT1/cmr/m/n/10 ) =
 []


Underfull \vbox (badness 10000) has occurred while \output is active []

 [2]
Underfull \hbox (badness 5939) in paragraph at lines 233--235
[]$\OML/cmm/m/it/10 E[] \OMS/cmsy/m/n/10 ! []$ \T1/cmr/m/n/10 where $\OML/cmm/m
/it/10 p \OT1/cmr/m/n/10 =
 []


Underfull \hbox (badness 5939) in paragraph at lines 267--269
[]$\OML/cmm/m/it/10 E[] \OMS/cmsy/m/n/10 ! []$ \T1/cmr/m/n/10 where $\OML/cmm/m
/it/10 p \OT1/cmr/m/n/10 =
 []


Underfull \vbox (badness 10000) has occurred while \output is active []

 [3]

LaTeX Warning: Reference `eq:' on page 4 undefined on input line 336.

LaTeX Font Info:    Try loading font information for T1+cmtt on input line 383.

(/usr/share/texlive/texmf-dist/tex/latex/base/t1cmtt.fd
File: t1cmtt.fd 2014/09/29 v2.5h Standard LaTeX font definitions
)
Underfull \hbox (badness 10000) in paragraph at lines 383--384
[]$\T1/cmtt/m/n/10 https : / / www . dropbox . com / sh /
 []


Underfull \hbox (badness 10000) in paragraph at lines 383--384
\T1/cmtt/m/n/10 bkju25ktl9jip29 / AABDjSxazoR0TcBQp13Xizema ?
 []


Underfull \hbox (badness 1769) in paragraph at lines 389--390
[]\T1/cmr/m/n/10 compilation in-struc-tion in linux$\OT1/cmr/m/n/10 :\OMS/cmsy/
m/n/10 ^^X$ \T1/cmr/m/n/10 sudo cp lib-
 []


Underfull \hbox (badness 10000) in paragraph at lines 393--395
[]$\OT1/cmr/m/n/10 :\OMS/cmsy/m/n/10 ^^X$\T1/cmr/m/n/10 f95 -o file-name VTNNS_
with_delay.f95 -
 []


Underfull \vbox (badness 1603) has occurred while \output is active []

 [4]
<../star.jpg, id=31, 305.14pt x 249.93375pt>
File: ../star.jpg Graphic file (type jpg)
 <use ../star.jpg>
Package pdftex.def Info: ../star.jpg used on input line 415.
(pdftex.def)             Requested size: 137.31172pt x 112.46915pt.

<"/home/wickedboy2/Dropbox/internship for NNMCB/A1".png, id=32, 481.8pt x 361.3
5pt>
File: "/home/wickedboy2/Dropbox/internship for NNMCB/A1".png Graphic file (type
 png)
 <use "/home/wickedboy2/Dropbox/internship for NNMCB/A1".png>
Package pdftex.def Info: "/home/wickedboy2/Dropbox/internship for NNMCB/A1".png
 used on input line 422.
(pdftex.def)             Requested size: 192.71658pt x 144.53743pt.

<"/home/wickedboy2/Dropbox/internship for NNMCB/A2".png, id=33, 481.8pt x 361.3
5pt>
File: "/home/wickedboy2/Dropbox/internship for NNMCB/A2".png Graphic file (type
 png)
 <use "/home/wickedboy2/Dropbox/internship for NNMCB/A2".png>
Package pdftex.def Info: "/home/wickedboy2/Dropbox/internship for NNMCB/A2".png
 used on input line 428.
(pdftex.def)             Requested size: 192.71658pt x 144.53743pt.

Underfull \vbox (badness 10000) has occurred while \output is active []


<"/home/wickedboy2/Dropbox/internship for NNMCB/B1".png, id=34, 481.8pt x 361.3
5pt>
File: "/home/wickedboy2/Dropbox/internship for NNMCB/B1".png Graphic file (type
 png)
 <use "/home/wickedboy2/Dropbox/internship for NNMCB/B1".png>
Package pdftex.def Info: "/home/wickedboy2/Dropbox/internship for NNMCB/B1".png
 used on input line 432.
(pdftex.def)             Requested size: 192.71658pt x 144.53743pt.

<"/home/wickedboy2/Dropbox/internship for NNMCB/B2".png, id=35, 481.8pt x 361.3
5pt>
File: "/home/wickedboy2/Dropbox/internship for NNMCB/B2".png Graphic file (type
 png)
 <use "/home/wickedboy2/Dropbox/internship for NNMCB/B2".png>
Package pdftex.def Info: "/home/wickedboy2/Dropbox/internship for NNMCB/B2".png
 used on input line 441.
(pdftex.def)             Requested size: 192.71658pt x 144.53743pt.

Underfull \vbox (badness 10000) has occurred while \output is active []

 [5 <../star.jpg> </home/wickedboy2/Dropbox/internship for NNMCB/A1.png> </home
/wickedboy2/Dropbox/internship for NNMCB/A2.png>]
<"../fully connected".jpg, id=39, 360.34625pt x 250.9375pt>
File: "../fully connected".jpg Graphic file (type jpg)

<use "../fully connected".jpg>
Package pdftex.def Info: "../fully connected".jpg used on input line 461.
(pdftex.def)             Requested size: 162.15431pt x 112.92082pt.


LaTeX Warning: File `"/home/wickedboy2/Dropbox/internship for NNMCB/simulations
/neural transmission/star topology and variants simulations/fully connected wit
hout timelag".' not found on input line 468.


! LaTeX Error: Unknown graphics extension: ..

See the LaTeX manual or LaTeX Companion for explanation.
Type  H <return>  for immediate help.
 ...                                              
                                                  
l.468 ...fully connected without timelag\string".}
                                                  
? 

LaTeX Warning: File `"/home/wickedboy2/Dropbox/internship for NNMCB/simulations
/neural transmission/star topology and variants simulations/fully connected wit
h time lag".' not found on input line 475.


! LaTeX Error: Unknown graphics extension: ..

See the LaTeX manual or LaTeX Companion for explanation.
Type  H <return>  for immediate help.
 ...                                              
                                                  
l.475 ...s/fully connected with time lag\string".}
                                                  \protect\caption{Raster pl...

? 
<../2012-01-11-cypress-figure-1.jpg, id=40, 321.2pt x 252.945pt>
File: ../2012-01-11-cypress-figure-1.jpg Graphic file (type jpg)

<use ../2012-01-11-cypress-figure-1.jpg>
Package pdftex.def Info: ../2012-01-11-cypress-figure-1.jpg used on input line 
490.
(pdftex.def)             Requested size: 144.53867pt x 113.82419pt.

Underfull \vbox (badness 1769) has occurred while \output is active []

 [6 </home/wickedboy2/Dropbox/internship for NNMCB/B1.png> </home/wickedboy2/Dr
opbox/internship for NNMCB/B2.png> <../fully connected.jpg>]

LaTeX Warning: File `"/home/wickedboy2/Dropbox/internship for NNMCB/simulations
/neural transmission/ring toplogy and variants simulations/B2".' not found on i
nput line 497.


! LaTeX Error: Unknown graphics extension: ..

See the LaTeX manual or LaTeX Companion for explanation.
Type  H <return>  for immediate help.
 ...                                              
                                                  
l.497 ...ogy and variants simulations/B2\string".}
                                                  
? 

LaTeX Warning: File `"/home/wickedboy2/Dropbox/internship for NNMCB/simulations
/neural transmission/ring toplogy and variants simulations/B3".' not found on i
nput line 505.


! LaTeX Error: Unknown graphics extension: ..

See the LaTeX manual or LaTeX Companion for explanation.
Type  H <return>  for immediate help.
 ...                                              
                                                  
l.505 ...ogy and variants simulations/B3\string".}
                                                  \protect\caption{Raster pl...

? 

Underfull \vbox (badness 10000) has occurred while \output is active []

 [7 <../2012-01-11-cypress-figure-1.jpg>] [8

] [9] [10] [11]
Underfull \hbox (badness 10000) in paragraph at lines 898--900
[]\T1/cmr/m/n/10 neural_network(j,3) = (neu-ral_network(j,2)*neural_network(j,3
) + al-pha*w_dummy +
 []


Overfull \hbox (73.25893pt too wide) in paragraph at lines 933--934
[]\T1/cmr/m/n/10 real(8):: dummy_a,dummy_b,dummy_c,dummy_gamma_1,dummy_gamma_2,
dummer_1,dummer_2,arg_array_2(4) 
 []

[12] [13] (./firstone.aux)

LaTeX Warning: There were undefined references.

 ) 
Here is how much of TeX's memory you used:
 3073 strings out of 494977
 41240 string characters out of 6180183
 109584 words of memory out of 5000000
 6216 multiletter control sequences out of 15000+600000
 17389 words of font info for 47 fonts, out of 8000000 for 9000
 36 hyphenation exceptions out of 8191
 38i,10n,23p,377b,254s stack positions out of 5000i,500n,10000p,200000b,80000s
 </home/wickedboy2/.texmf-var/fonts/pk/ljfour/jknappen/ec/ecti1000.600pk> </h
ome/wickedboy2/.texmf-var/fonts/pk/ljfour/jknappen/ec/ectt1000.600pk> </home/wi
ckedboy2/.texmf-var/fonts/pk/ljfour/jknappen/ec/ecbx1200.600pk> </home/wickedbo
y2/.texmf-var/fonts/pk/ljfour/jknappen/ec/ecbx1000.600pk> </home/wickedboy2/.te
xmf-var/fonts/pk/ljfour/jknappen/ec/ecrm1000.600pk> </home/wickedboy2/.texmf-va
r/fonts/pk/ljfour/jknappen/ec/ecbx1440.600pk> </home/wickedboy2/.texmf-var/font
s/pk/ljfour/jknappen/ec/ecrm1728.600pk></usr/share/texlive/texmf-dist/fonts/typ
e1/public/amsfonts/cm/cmmi10.pfb></usr/share/texlive/texmf-dist/fonts/type1/pub
lic/amsfonts/cm/cmmi5.pfb></usr/share/texlive/texmf-dist/fonts/type1/public/ams
fonts/cm/cmmi7.pfb></usr/share/texlive/texmf-dist/fonts/type1/public/amsfonts/c
m/cmr10.pfb></usr/share/texlive/texmf-dist/fonts/type1/public/amsfonts/cm/cmr5.
pfb></usr/share/texlive/texmf-dist/fonts/type1/public/amsfonts/cm/cmr7.pfb></us
r/share/texlive/texmf-dist/fonts/type1/public/amsfonts/cm/cmsy10.pfb></usr/shar
e/texlive/texmf-dist/fonts/type1/public/amsfonts/cm/cmsy5.pfb></usr/share/texli
ve/texmf-dist/fonts/type1/public/amsfonts/cm/cmsy7.pfb></usr/share/texlive/texm
f-dist/fonts/type1/public/esint-type1/esint10.pfb>
Output written on firstone.pdf (13 pages, 274577 bytes).
PDF statistics:
 364 PDF objects out of 1000 (max. 8388607)
 89 compressed objects within 1 object stream
 0 named destinations out of 1000 (max. 500000)
 36 words of extra memory for PDF output out of 10000 (max. 10000000)

